[debug] [2024-01-07T14:40:07.762Z] ----------------------------------------------------------------------
[debug] [2024-01-07T14:40:07.764Z] Command:       D:\All the download files\Nodejs\node.exe C:\Users\devan\AppData\Roaming\npm\node_modules\firebase-tools\lib\bin\firebase.js init
[debug] [2024-01-07T14:40:07.764Z] CLI Version:   13.0.2
[debug] [2024-01-07T14:40:07.764Z] Platform:      win32
[debug] [2024-01-07T14:40:07.765Z] Node Version:  v20.5.0
[debug] [2024-01-07T14:40:07.765Z] Time:          Sun Jan 07 2024 20:10:07 GMT+0530 (India Standard Time)
[debug] [2024-01-07T14:40:07.765Z] ----------------------------------------------------------------------
[debug] 
[debug] [2024-01-07T14:40:07.769Z] > command requires scopes: ["email","openid","https://www.googleapis.com/auth/cloudplatformprojects.readonly","https://www.googleapis.com/auth/firebase","https://www.googleapis.com/auth/cloud-platform"]
[debug] [2024-01-07T14:40:07.770Z] > authorizing via signed-in user (devansh8954@gmail.com)
[info] 
     ######## #### ########  ######## ########     ###     ######  ########
     ##        ##  ##     ## ##       ##     ##  ##   ##  ##       ##
     ######    ##  ########  ######   ########  #########  ######  ######
     ##        ##  ##    ##  ##       ##     ## ##     ##       ## ##
     ##       #### ##     ## ######## ########  ##     ##  ######  ########

You're about to initialize a Firebase project in this directory:

  D:\Github\Recipe-Shopping-Application

[info] 
=== Project Setup
[info] 
[info] First, let's associate this project directory with a Firebase project.
[info] You can create multiple project aliases by running firebase use --add, 
[info] but for now we'll just set up a default project.
[info] 
[info] i  If you want to create a project in a Google Cloud organization or folder, please use "firebase projects:create" instead, and return to this command when you've created the project. 
